<?xml version="1.0" encoding="UTF-8"?>
<!-- Generated by org.testng.reporters.JUnitReportReporter -->
<testsuite skipped="0" hostname="NB-VINOD" name="parallel.TestRunner" tests="1" failures="0" timestamp="15 Sep 2021 08:30:48 GMT" time="85.590" errors="0">
  <testcase name="runScenario" time="85.590" classname="parallel.TestRunner"/>
</testsuite> <!-- parallel.TestRunner -->
