<?xml version="1.0" encoding="UTF-8"?>
<!-- Generated by org.testng.reporters.JUnitReportReporter -->
<testsuite skipped="0" hostname="NB-VINOD" name="parallel.TestRunner" tests="1" failures="0" timestamp="08 Sep 2021 12:22:53 GMT" time="80.187" errors="0">
  <testcase name="runScenario" time="80.187" classname="parallel.TestRunner"/>
</testsuite> <!-- parallel.TestRunner -->
